2025-08-14 10:42:03,784 - INFO - Initialized Async Enhanced Pre-Market Gainers Momentum (Paper Trading)
2025-08-14 10:42:03,784 - INFO - Starting Universe Loading...
2025-08-14 10:42:03,833 - INFO - Loaded 11450 tickers from cache
2025-08-14 10:42:03,834 - INFO - Universe Loading completed in 0.05s
2025-08-14 10:42:03,834 - INFO - Starting Async Enhanced Pre-Market Gainers Momentum (Paper Trading)
2025-08-14 10:42:03,834 - INFO - Target universe: 11450 tickers
2025-08-14 10:42:03,834 - INFO - Starting Complete Analysis...
2025-08-14 10:42:03,834 - INFO - Starting Pre-market Scan...
2025-08-14 10:42:03,835 - INFO - Starting async premarket scan for 11450 tickers...
2025-08-14 10:42:03,835 - INFO - Batch size: 200, Max concurrent batches: 8
2025-08-14 10:42:03,835 - INFO - Starting Universe Loading...
2025-08-14 10:42:03,836 - INFO - Loaded 11450 tickers from cache
2025-08-14 10:42:03,836 - INFO - Universe Loading completed in 0.00s
2025-08-14 10:43:08,822 - INFO - Processed 500 tickers...
2025-08-14 10:43:11,021 - INFO - Processed 1000 tickers...
2025-08-14 10:43:53,489 - INFO - Processed 1500 tickers...
2025-08-14 10:44:08,723 - INFO - Processed 2000 tickers...
2025-08-14 10:44:37,662 - INFO - Processed 2500 tickers...
2025-08-14 10:44:54,377 - INFO - Processed 3000 tickers...
2025-08-14 10:45:04,104 - INFO - Completed 16/58 batch chunks
2025-08-14 10:45:52,317 - INFO - Processed 3500 tickers...
2025-08-14 10:46:06,101 - INFO - Processed 4000 tickers...
2025-08-14 10:46:40,168 - INFO - Processed 4500 tickers...
2025-08-14 10:46:57,705 - INFO - Processed 5000 tickers...
2025-08-14 10:47:19,633 - INFO - Processed 5500 tickers...
2025-08-14 10:47:47,600 - INFO - Processed 6000 tickers...
2025-08-14 10:48:07,285 - INFO - Completed 32/58 batch chunks
2025-08-14 10:48:53,751 - INFO - Processed 6500 tickers...
2025-08-14 10:48:58,072 - INFO - Processed 7000 tickers...
2025-08-14 10:49:28,746 - INFO - Processed 7500 tickers...
2025-08-14 10:49:45,160 - INFO - Processed 8000 tickers...
2025-08-14 10:50:10,036 - INFO - Processed 8500 tickers...
2025-08-14 10:50:46,226 - INFO - Processed 9000 tickers...
2025-08-14 10:51:12,564 - INFO - Processed 9500 tickers...
2025-08-14 10:51:12,752 - INFO - Completed 48/58 batch chunks
2025-08-14 10:52:01,373 - INFO - Processed 10000 tickers...
2025-08-14 10:52:23,423 - INFO - Processed 10500 tickers...
2025-08-14 10:52:49,143 - INFO - Processed 11000 tickers...
2025-08-14 10:53:11,816 - INFO - Completed 58/58 batch chunks
2025-08-14 10:53:11,819 - INFO - Found 0 candidates out of 646 processed tickers
2025-08-14 10:53:11,819 - INFO - Pre-market Scan completed in 667.98s
2025-08-14 10:53:11,819 - INFO - No candidates found matching criteria
2025-08-14 10:53:11,820 - INFO - Complete Analysis completed in 667.99s
2025-08-14 10:53:11,820 - INFO - No candidates found today
