2025-08-14 08:25:40,932 - INFO - Initialized Async Enhanced Pre-Market Gainers Momentum (Paper Trading)
2025-08-14 08:25:40,933 - INFO - Starting Universe Loading...
2025-08-14 08:25:40,933 - INFO - Starting Universe Loading...
2025-08-14 08:25:40,987 - INFO - Loaded 5038 tickers from NASDAQ
2025-08-14 08:25:40,993 - INFO - Loaded 5038 tickers from NASDAQ
2025-08-14 08:25:41,011 - INFO - Loaded 6656 tickers from NYSE, AMEX, Regional
2025-08-14 08:25:41,057 - INFO - Loaded 6656 tickers from NYSE, AMEX, Regional
2025-08-14 08:25:41,089 - INFO - Loaded 11450 unique valid tickers
2025-08-14 08:25:41,089 - INFO - Universe Loading completed in 0.16s
2025-08-14 08:25:41,090 - INFO - Starting Async Enhanced Pre-Market Gainers Momentum (Paper Trading)
2025-08-14 08:25:41,090 - INFO - Target universe: 11450 tickers
2025-08-14 08:25:41,091 - INFO - Starting Complete Analysis...
2025-08-14 08:25:41,091 - INFO - Starting Pre-market Scan...
2025-08-14 08:25:41,091 - INFO - Starting async premarket scan for 11450 tickers...
2025-08-14 08:25:41,091 - INFO - Batch size: 200, Max concurrent batches: 8
2025-08-14 08:25:41,139 - INFO - Loaded 11450 unique valid tickers
2025-08-14 08:25:41,139 - INFO - Universe Loading completed in 0.21s
2025-08-14 08:26:30,183 - INFO - Processed 500 tickers...
2025-08-14 08:26:49,481 - INFO - Processed 1000 tickers...
2025-08-14 08:27:16,218 - INFO - Processed 1500 tickers...
2025-08-14 08:27:51,061 - INFO - Processed 2000 tickers...
2025-08-14 08:28:11,817 - INFO - Processed 2500 tickers...
2025-08-14 08:28:46,463 - INFO - Processed 3000 tickers...
2025-08-14 08:28:58,242 - INFO - Completed 16/58 batch chunks
2025-08-14 08:29:43,496 - INFO - Processed 3500 tickers...
2025-08-14 08:30:01,663 - INFO - Processed 4000 tickers...
2025-08-14 08:30:48,490 - INFO - Processed 4500 tickers...
2025-08-14 08:30:54,117 - INFO - Processed 5000 tickers...
2025-08-14 08:30:55,804 - INFO - Processed 5500 tickers...
2025-08-14 08:31:41,638 - INFO - Processed 6000 tickers...
2025-08-14 08:31:59,293 - INFO - Completed 32/58 batch chunks
2025-08-14 08:32:44,371 - INFO - Processed 6500 tickers...
2025-08-14 08:32:50,416 - INFO - Processed 7000 tickers...
2025-08-14 08:33:09,883 - INFO - Processed 7500 tickers...
2025-08-14 08:33:49,868 - INFO - Processed 8000 tickers...
2025-08-14 08:34:09,370 - INFO - Processed 8500 tickers...
2025-08-14 08:34:22,583 - INFO - Processed 9000 tickers...
2025-08-14 08:34:53,231 - INFO - Processed 9500 tickers...
2025-08-14 08:34:53,414 - INFO - Completed 48/58 batch chunks
2025-08-14 08:35:40,813 - INFO - Processed 10000 tickers...
2025-08-14 08:36:01,020 - INFO - Processed 10500 tickers...
2025-08-14 08:36:25,389 - INFO - Processed 11000 tickers...
2025-08-14 08:36:52,299 - INFO - Completed 58/58 batch chunks
2025-08-14 08:36:52,301 - INFO - Found 0 candidates out of 209 processed tickers
2025-08-14 08:36:52,301 - INFO - Pre-market Scan completed in 671.21s
2025-08-14 08:36:52,301 - INFO - No candidates found matching criteria
2025-08-14 08:36:52,301 - INFO - Complete Analysis completed in 671.21s
2025-08-14 08:36:52,301 - INFO - No candidates found today
