2025-08-14 11:02:34,465 - INFO - Starting full pipeline execution...
2025-08-14 11:02:34,465 - INFO - Loading tickers from files...
2025-08-14 11:02:34,465 - WARNING - File not found: nasdaqlisted.txt
2025-08-14 11:02:34,465 - WARNING - File not found: otherlisted.txt
2025-08-14 11:02:34,465 - INFO - Loaded 0 NASDAQ tickers
2025-08-14 11:02:34,465 - INFO - Loaded 0 other tickers
2025-08-14 11:02:34,465 - INFO - Total unique tickers: 0
2025-08-14 11:02:34,465 - ERROR - No tickers found
2025-08-14 11:02:34,466 - INFO - Waiting 87.4 minutes until trading time (18:00:00)
2025-08-19 10:49:40,035 - INFO - Starting full pipeline execution...
2025-08-19 10:49:40,049 - INFO - Loading tickers from files...
2025-08-19 10:49:40,049 - WARNING - File not found: nasdaqlisted.txt
2025-08-19 10:49:40,049 - WARNING - File not found: otherlisted.txt
2025-08-19 10:49:40,049 - INFO - Loaded 0 NASDAQ tickers
2025-08-19 10:49:40,049 - INFO - Loaded 0 other tickers
2025-08-19 10:49:40,049 - INFO - Total unique tickers: 0
2025-08-19 10:49:40,049 - ERROR - No tickers found
2025-08-19 10:49:40,053 - INFO - Waiting 100.3 minutes until trading time (18:00:00)
2025-08-19 10:50:39,318 - INFO - Starting full pipeline execution...
2025-08-19 10:50:39,318 - INFO - Loading tickers from files...
2025-08-19 10:50:39,377 - INFO - Loaded 5038 NASDAQ tickers
2025-08-19 10:50:39,378 - INFO - Loaded 6656 other tickers
2025-08-19 10:50:39,378 - INFO - Total unique tickers: 11450
2025-08-19 10:50:39,378 - INFO - Starting async ticker scanning...
2025-08-19 10:50:39,378 - INFO - Starting async scan of 11450 tickers...
2025-08-19 10:50:39,378 - INFO - Processing batch 1/229: 50 tickers
2025-08-19 10:50:39,544 - WARNING - HTTP 429 for URL: https://query1.finance.yahoo.com/v8/finance/chart/AAL
2025-08-19 10:50:39,544 - WARNING - HTTP 429 for URL: https://query1.finance.yahoo.com/v8/finance/chart/ABIG
2025-08-19 10:50:39,545 - WARNING - HTTP 429 for URL: https://query1.finance.yahoo.com/v8/finance/chart/AACBU
2025-08-19 10:50:39,550 - WARNING - HTTP 429 for URL: https://query1.finance.yahoo.com/v8/finance/chart/ABTS
2025-08-19 10:50:39,550 - WARNING - HTTP 429 for URL: https://query1.finance.yahoo.com/v8/finance/chart/ABLLW
2025-08-19 10:50:39,550 - WARNING - HTTP 429 for URL: https://query1.finance.yahoo.com/v8/finance/chart/AAXJ
2025-08-19 10:50:39,551 - WARNING - HTTP 429 for URL: https://query1.finance.yahoo.com/v8/finance/chart/AACBR
2025-08-19 10:50:39,551 - WARNING - HTTP 429 for URL: https://query1.finance.yahoo.com/v8/finance/chart/ABL
2025-08-19 10:50:39,551 - WARNING - HTTP 429 for URL: https://query1.finance.yahoo.com/v8/finance/chart/ABCL
2025-08-19 10:50:39,551 - WARNING - HTTP 429 for URL: https://query1.finance.yahoo.com/v8/finance/chart/AACI
2025-08-19 10:50:39,551 - WARNING - HTTP 429 for URL: https://query1.finance.yahoo.com/v8/finance/chart/ABNB
2025-08-19 10:50:39,552 - WARNING - HTTP 429 for URL: https://query1.finance.yahoo.com/v8/finance/chart/ABVEW
2025-08-19 10:50:39,552 - WARNING - HTTP 429 for URL: https://query1.finance.yahoo.com/v8/finance/chart/AACIU
2025-08-19 10:50:39,571 - WARNING - HTTP 429 for URL: https://query1.finance.yahoo.com/v8/finance/chart/ABLLL
2025-08-19 10:50:39,571 - WARNING - HTTP 429 for URL: https://query1.finance.yahoo.com/v8/finance/chart/AAVM
2025-08-19 10:50:39,571 - WARNING - HTTP 429 for URL: https://query1.finance.yahoo.com/v8/finance/chart/SECURITY
2025-08-19 10:50:39,572 - WARNING - HTTP 429 for URL: https://query1.finance.yahoo.com/v8/finance/chart/ACAD
2025-08-19 10:50:39,572 - WARNING - HTTP 429 for URL: https://query1.finance.yahoo.com/v8/finance/chart/ABLVW
2025-08-19 10:50:39,589 - WARNING - HTTP 429 for URL: https://query1.finance.yahoo.com/v8/finance/chart/AACG
2025-08-19 10:50:39,594 - WARNING - HTTP 429 for URL: https://query1.finance.yahoo.com/v8/finance/chart/AARD
2025-08-19 10:50:39,594 - WARNING - HTTP 429 for URL: https://query1.finance.yahoo.com/v8/finance/chart/ACFN
2025-08-19 10:50:39,595 - WARNING - HTTP 429 for URL: https://query1.finance.yahoo.com/v8/finance/chart/ABOS
2025-08-19 10:50:39,595 - WARNING - HTTP 429 for URL: https://query1.finance.yahoo.com/v8/finance/chart/AAME
2025-08-19 10:50:39,595 - WARNING - HTTP 429 for URL: https://query1.finance.yahoo.com/v8/finance/chart/ABPWW
2025-08-19 10:50:39,595 - WARNING - HTTP 429 for URL: https://query1.finance.yahoo.com/v8/finance/chart/ABAT
2025-08-19 10:50:39,602 - WARNING - HTTP 429 for URL: https://query1.finance.yahoo.com/v8/finance/chart/AACB
2025-08-19 10:50:39,603 - WARNING - HTTP 429 for URL: https://query1.finance.yahoo.com/v8/finance/chart/AAPD
2025-08-19 10:50:39,603 - WARNING - HTTP 429 for URL: https://query1.finance.yahoo.com/v8/finance/chart/AAPL
2025-08-19 10:50:39,604 - WARNING - HTTP 429 for URL: https://query1.finance.yahoo.com/v8/finance/chart/ABLV
2025-08-19 10:50:39,605 - WARNING - HTTP 429 for URL: https://query1.finance.yahoo.com/v8/finance/chart/AAON
2025-08-19 10:50:39,605 - WARNING - HTTP 429 for URL: https://query1.finance.yahoo.com/v8/finance/chart/AADR
2025-08-19 10:50:39,605 - WARNING - HTTP 429 for URL: https://query1.finance.yahoo.com/v8/finance/chart/AACIW
2025-08-19 10:50:39,605 - WARNING - HTTP 429 for URL: https://query1.finance.yahoo.com/v8/finance/chart/ABSI
2025-08-19 10:50:39,605 - WARNING - HTTP 429 for URL: https://query1.finance.yahoo.com/v8/finance/chart/ABVC
2025-08-19 10:50:39,605 - WARNING - HTTP 429 for URL: https://query1.finance.yahoo.com/v8/finance/chart/ACDC
2025-08-19 10:50:39,606 - WARNING - HTTP 429 for URL: https://query1.finance.yahoo.com/v8/finance/chart/ABUS
2025-08-19 10:50:39,613 - WARNING - HTTP 429 for URL: https://query1.finance.yahoo.com/v8/finance/chart/ABVE
2025-08-19 10:50:39,616 - WARNING - HTTP 429 for URL: https://query1.finance.yahoo.com/v8/finance/chart/AAPG
2025-08-19 10:50:39,622 - WARNING - HTTP 429 for URL: https://query1.finance.yahoo.com/v8/finance/chart/ABEO
2025-08-19 10:50:39,627 - WARNING - HTTP 429 for URL: https://query1.finance.yahoo.com/v8/finance/chart/ABCS
2025-08-19 10:50:39,628 - WARNING - HTTP 429 for URL: https://query1.finance.yahoo.com/v8/finance/chart/AAOI
2025-08-19 10:50:39,629 - WARNING - HTTP 429 for URL: https://query1.finance.yahoo.com/v8/finance/chart/ABVX
2025-08-19 10:50:39,634 - WARNING - HTTP 429 for URL: https://query1.finance.yahoo.com/v8/finance/chart/AALG
2025-08-19 10:50:39,641 - WARNING - HTTP 429 for URL: https://query1.finance.yahoo.com/v8/finance/chart/ACET
2025-08-19 10:50:39,647 - WARNING - HTTP 429 for URL: https://query1.finance.yahoo.com/v8/finance/chart/AAUS
2025-08-19 10:50:39,649 - WARNING - HTTP 429 for URL: https://query1.finance.yahoo.com/v8/finance/chart/ABP
2025-08-19 10:50:39,650 - WARNING - HTTP 429 for URL: https://query1.finance.yahoo.com/v8/finance/chart/ABI
2025-08-19 10:50:39,653 - WARNING - HTTP 429 for URL: https://query1.finance.yahoo.com/v8/finance/chart/AAPU
2025-08-19 10:50:39,660 - WARNING - HTTP 429 for URL: https://query1.finance.yahoo.com/v8/finance/chart/ACB
2025-08-19 10:50:39,663 - WARNING - HTTP 429 for URL: https://query1.finance.yahoo.com/v8/finance/chart/AAPB
2025-08-19 10:50:39,764 - INFO - Processing batch 2/229: 50 tickers
2025-08-19 10:50:39,827 - WARNING - HTTP 429 for URL: https://query1.finance.yahoo.com/v8/finance/chart/ACGL
2025-08-19 10:50:39,838 - WARNING - HTTP 429 for URL: https://query1.finance.yahoo.com/v8/finance/chart/ACWX
2025-08-19 10:50:39,838 - WARNING - HTTP 429 for URL: https://query1.finance.yahoo.com/v8/finance/chart/ACIU
2025-08-19 10:50:39,838 - WARNING - HTTP 429 for URL: https://query1.finance.yahoo.com/v8/finance/chart/ADVB
2025-08-19 10:50:39,838 - WARNING - HTTP 429 for URL: https://query1.finance.yahoo.com/v8/finance/chart/ACNB
2025-08-19 10:50:39,839 - WARNING - HTTP 429 for URL: https://query1.finance.yahoo.com/v8/finance/chart/ADSE
2025-08-19 10:50:39,851 - WARNING - HTTP 429 for URL: https://query1.finance.yahoo.com/v8/finance/chart/ACHC
2025-08-19 10:50:39,851 - WARNING - HTTP 429 for URL: https://query1.finance.yahoo.com/v8/finance/chart/ACOG
2025-08-19 10:50:39,852 - WARNING - HTTP 429 for URL: https://query1.finance.yahoo.com/v8/finance/chart/ACNT
2025-08-19 10:50:39,852 - WARNING - HTTP 429 for URL: https://query1.finance.yahoo.com/v8/finance/chart/ACON
2025-08-19 10:50:39,852 - WARNING - HTTP 429 for URL: https://query1.finance.yahoo.com/v8/finance/chart/ACRS
2025-08-19 10:50:39,852 - WARNING - HTTP 429 for URL: https://query1.finance.yahoo.com/v8/finance/chart/ADIL
2025-08-19 10:50:39,852 - WARNING - HTTP 429 for URL: https://query1.finance.yahoo.com/v8/finance/chart/ACGLO
2025-08-19 10:50:39,852 - WARNING - HTTP 429 for URL: https://query1.finance.yahoo.com/v8/finance/chart/ACT
2025-08-19 10:50:39,853 - WARNING - HTTP 429 for URL: https://query1.finance.yahoo.com/v8/finance/chart/ADAG
2025-08-19 10:50:39,853 - WARNING - HTTP 429 for URL: https://query1.finance.yahoo.com/v8/finance/chart/ADBE
2025-08-19 10:50:39,853 - WARNING - HTTP 429 for URL: https://query1.finance.yahoo.com/v8/finance/chart/ACTG
2025-08-19 10:50:39,853 - WARNING - HTTP 429 for URL: https://query1.finance.yahoo.com/v8/finance/chart/ADEA
2025-08-19 10:50:39,854 - WARNING - HTTP 429 for URL: https://query1.finance.yahoo.com/v8/finance/chart/ADSK
2025-08-19 10:50:39,857 - WARNING - HTTP 429 for URL: https://query1.finance.yahoo.com/v8/finance/chart/ADD
2025-08-19 10:50:39,857 - WARNING - HTTP 429 for URL: https://query1.finance.yahoo.com/v8/finance/chart/ACWI
2025-08-19 10:50:39,858 - WARNING - HTTP 429 for URL: https://query1.finance.yahoo.com/v8/finance/chart/ACLS
2025-08-19 10:50:39,858 - WARNING - HTTP 429 for URL: https://query1.finance.yahoo.com/v8/finance/chart/ADBG
2025-08-19 10:50:39,858 - WARNING - HTTP 429 for URL: https://query1.finance.yahoo.com/v8/finance/chart/ADGM
2025-08-19 10:50:39,858 - WARNING - HTTP 429 for URL: https://query1.finance.yahoo.com/v8/finance/chart/ACMR
2025-08-19 10:50:39,863 - WARNING - HTTP 429 for URL: https://query1.finance.yahoo.com/v8/finance/chart/ADP
2025-08-19 10:50:39,864 - WARNING - HTTP 429 for URL: https://query1.finance.yahoo.com/v8/finance/chart/ADNWW
2025-08-19 10:50:39,868 - WARNING - HTTP 429 for URL: https://query1.finance.yahoo.com/v8/finance/chart/ADTX
2025-08-19 10:50:39,868 - WARNING - HTTP 429 for URL: https://query1.finance.yahoo.com/v8/finance/chart/ADUR
2025-08-19 10:50:39,869 - WARNING - HTTP 429 for URL: https://query1.finance.yahoo.com/v8/finance/chart/ADVWW
2025-08-19 10:50:39,871 - WARNING - HTTP 429 for URL: https://query1.finance.yahoo.com/v8/finance/chart/ACTU
2025-08-19 10:50:39,880 - WARNING - HTTP 429 for URL: https://query1.finance.yahoo.com/v8/finance/chart/ADPT
2025-08-19 10:50:39,891 - WARNING - HTTP 429 for URL: https://query1.finance.yahoo.com/v8/finance/chart/ADUS
2025-08-19 10:50:39,891 - WARNING - HTTP 429 for URL: https://query1.finance.yahoo.com/v8/finance/chart/ACIC
2025-08-19 10:50:39,899 - WARNING - HTTP 429 for URL: https://query1.finance.yahoo.com/v8/finance/chart/ACHV
2025-08-19 10:50:39,899 - WARNING - HTTP 429 for URL: https://query1.finance.yahoo.com/v8/finance/chart/ADN
2025-08-19 10:50:39,902 - WARNING - HTTP 429 for URL: https://query1.finance.yahoo.com/v8/finance/chart/ADXN
2025-08-19 10:50:39,903 - WARNING - HTTP 429 for URL: https://query1.finance.yahoo.com/v8/finance/chart/ADAP
2025-08-19 10:50:39,903 - WARNING - HTTP 429 for URL: https://query1.finance.yahoo.com/v8/finance/chart/ADV
2025-08-19 10:50:39,903 - WARNING - HTTP 429 for URL: https://query1.finance.yahoo.com/v8/finance/chart/ACIW
2025-08-19 10:50:39,908 - WARNING - HTTP 429 for URL: https://query1.finance.yahoo.com/v8/finance/chart/ADVM
2025-08-19 10:50:39,909 - WARNING - HTTP 429 for URL: https://query1.finance.yahoo.com/v8/finance/chart/ADI
2025-08-19 10:50:39,910 - WARNING - HTTP 429 for URL: https://query1.finance.yahoo.com/v8/finance/chart/ADSEW
2025-08-19 10:50:39,912 - WARNING - HTTP 429 for URL: https://query1.finance.yahoo.com/v8/finance/chart/ADTN
2025-08-19 10:50:39,913 - WARNING - HTTP 429 for URL: https://query1.finance.yahoo.com/v8/finance/chart/ACLX
2025-08-19 10:50:39,915 - WARNING - HTTP 429 for URL: https://query1.finance.yahoo.com/v8/finance/chart/ACRV
2025-08-19 10:50:39,921 - WARNING - HTTP 429 for URL: https://query1.finance.yahoo.com/v8/finance/chart/ADMA
2025-08-19 10:50:39,924 - WARNING - HTTP 429 for URL: https://query1.finance.yahoo.com/v8/finance/chart/ACGLN
2025-08-19 10:50:39,933 - WARNING - HTTP 429 for URL: https://query1.finance.yahoo.com/v8/finance/chart/ACONW
2025-08-19 10:50:39,934 - WARNING - HTTP 429 for URL: https://query1.finance.yahoo.com/v8/finance/chart/ACXP
2025-08-19 10:50:40,035 - INFO - Processing batch 3/229: 50 tickers
2025-08-19 10:50:40,091 - WARNING - HTTP 429 for URL: https://query1.finance.yahoo.com/v8/finance/chart/AENT
2025-08-19 10:50:40,091 - WARNING - HTTP 429 for URL: https://query1.finance.yahoo.com/v8/finance/chart/AFBI
2025-08-19 10:50:40,095 - WARNING - HTTP 429 for URL: https://query1.finance.yahoo.com/v8/finance/chart/AGH
2025-08-19 10:50:40,096 - WARNING - HTTP 429 for URL: https://query1.finance.yahoo.com/v8/finance/chart/AFRM
2025-08-19 10:50:40,096 - WARNING - HTTP 429 for URL: https://query1.finance.yahoo.com/v8/finance/chart/AHG
2025-08-19 10:50:40,096 - WARNING - HTTP 429 for URL: https://query1.finance.yahoo.com/v8/finance/chart/AGFY
2025-08-19 10:50:40,096 - WARNING - HTTP 429 for URL: https://query1.finance.yahoo.com/v8/finance/chart/AEBI
2025-08-19 10:50:40,096 - WARNING - HTTP 429 for URL: https://query1.finance.yahoo.com/v8/finance/chart/AERTW
2025-08-19 10:50:40,097 - WARNING - HTTP 429 for URL: https://query1.finance.yahoo.com/v8/finance/chart/AGNCL
2025-08-19 10:50:40,097 - WARNING - HTTP 429 for URL: https://query1.finance.yahoo.com/v8/finance/chart/AGAE
2025-08-19 10:50:40,097 - WARNING - HTTP 429 for URL: https://query1.finance.yahoo.com/v8/finance/chart/AEVAW
2025-08-19 10:50:40,097 - WARNING - HTTP 429 for URL: https://query1.finance.yahoo.com/v8/finance/chart/AGEM
2025-08-19 10:50:40,097 - WARNING - HTTP 429 for URL: https://query1.finance.yahoo.com/v8/finance/chart/AEI
2025-08-19 10:50:40,097 - WARNING - HTTP 429 for URL: https://query1.finance.yahoo.com/v8/finance/chart/AFOS
2025-08-19 10:50:40,098 - WARNING - HTTP 429 for URL: https://query1.finance.yahoo.com/v8/finance/chart/AGIX
2025-08-19 10:50:40,098 - WARNING - HTTP 429 for URL: https://query1.finance.yahoo.com/v8/finance/chart/AFJK
2025-08-19 10:50:40,102 - WARNING - HTTP 429 for URL: https://query1.finance.yahoo.com/v8/finance/chart/AGRI
2025-08-19 10:50:40,106 - WARNING - HTTP 429 for URL: https://query1.finance.yahoo.com/v8/finance/chart/AGZD
2025-08-19 10:50:40,107 - WARNING - HTTP 429 for URL: https://query1.finance.yahoo.com/v8/finance/chart/AGMH
2025-08-19 10:50:40,107 - WARNING - HTTP 429 for URL: https://query1.finance.yahoo.com/v8/finance/chart/AFYA
2025-08-19 10:50:40,114 - WARNING - HTTP 429 for URL: https://query1.finance.yahoo.com/v8/finance/chart/AFRI
2025-08-19 10:50:40,121 - WARNING - HTTP 429 for URL: https://query1.finance.yahoo.com/v8/finance/chart/AGYS
2025-08-19 10:50:40,127 - WARNING - HTTP 429 for URL: https://query1.finance.yahoo.com/v8/finance/chart/AEHL
2025-08-19 10:50:40,128 - WARNING - HTTP 429 for URL: https://query1.finance.yahoo.com/v8/finance/chart/AEHR
2025-08-19 10:50:40,128 - WARNING - HTTP 429 for URL: https://query1.finance.yahoo.com/v8/finance/chart/AFJKU
2025-08-19 10:50:40,129 - WARNING - HTTP 429 for URL: https://query1.finance.yahoo.com/v8/finance/chart/AEP
2025-08-19 10:50:40,130 - WARNING - HTTP 429 for URL: https://query1.finance.yahoo.com/v8/finance/chart/AGEN
2025-08-19 10:50:40,130 - WARNING - HTTP 429 for URL: https://query1.finance.yahoo.com/v8/finance/chart/AFJKR
2025-08-19 10:50:40,130 - WARNING - HTTP 429 for URL: https://query1.finance.yahoo.com/v8/finance/chart/AIFF
2025-08-19 10:50:40,132 - WARNING - HTTP 429 for URL: https://query1.finance.yahoo.com/v8/finance/chart/AGNG
2025-08-19 10:50:40,148 - WARNING - HTTP 429 for URL: https://query1.finance.yahoo.com/v8/finance/chart/AERT
2025-08-19 10:50:40,148 - WARNING - HTTP 429 for URL: https://query1.finance.yahoo.com/v8/finance/chart/AGIO
2025-08-19 10:50:40,150 - WARNING - HTTP 429 for URL: https://query1.finance.yahoo.com/v8/finance/chart/AFCG
2025-08-19 10:50:40,154 - WARNING - HTTP 429 for URL: https://query1.finance.yahoo.com/v8/finance/chart/AIFD
2025-08-19 10:50:40,156 - WARNING - HTTP 429 for URL: https://query1.finance.yahoo.com/v8/finance/chart/AGGA
2025-08-19 10:50:40,167 - WARNING - HTTP 429 for URL: https://query1.finance.yahoo.com/v8/finance/chart/AIA
2025-08-19 10:50:40,167 - WARNING - HTTP 429 for URL: https://query1.finance.yahoo.com/v8/finance/chart/AGNCM
2025-08-19 10:50:40,169 - WARNING - HTTP 429 for URL: https://query1.finance.yahoo.com/v8/finance/chart/AHCO
2025-08-19 10:50:40,170 - WARNING - HTTP 429 for URL: https://query1.finance.yahoo.com/v8/finance/chart/AFRIW
2025-08-19 10:50:40,174 - WARNING - HTTP 429 for URL: https://query1.finance.yahoo.com/v8/finance/chart/AFSC
2025-08-19 10:50:40,176 - WARNING - HTTP 429 for URL: https://query1.finance.yahoo.com/v8/finance/chart/AEMD
2025-08-19 10:50:40,177 - WARNING - HTTP 429 for URL: https://query1.finance.yahoo.com/v8/finance/chart/AENTW
2025-08-19 10:50:40,180 - WARNING - HTTP 429 for URL: https://query1.finance.yahoo.com/v8/finance/chart/AGNCO
2025-08-19 10:50:40,199 - WARNING - HTTP 429 for URL: https://query1.finance.yahoo.com/v8/finance/chart/AEYE
2025-08-19 10:50:40,456 - WARNING - HTTP 429 for URL: https://query1.finance.yahoo.com/v8/finance/chart/AGNCN
2025-08-19 10:50:40,504 - WARNING - HTTP 429 for URL: https://query1.finance.yahoo.com/v8/finance/chart/AGNC
2025-08-19 10:50:40,506 - WARNING - HTTP 429 for URL: https://query1.finance.yahoo.com/v8/finance/chart/AGMI
2025-08-19 10:50:40,506 - WARNING - HTTP 429 for URL: https://query1.finance.yahoo.com/v8/finance/chart/AGNCP
2025-08-19 10:50:40,540 - WARNING - HTTP 429 for URL: https://query1.finance.yahoo.com/v8/finance/chart/AEIS
2025-08-19 10:50:40,548 - WARNING - HTTP 429 for URL: https://query1.finance.yahoo.com/v8/finance/chart/AEVA
2025-08-19 10:50:40,649 - INFO - Processing batch 4/229: 50 tickers
2025-08-19 10:50:40,704 - WARNING - HTTP 429 for URL: https://query1.finance.yahoo.com/v8/finance/chart/AISPW
2025-08-19 10:50:40,704 - WARNING - HTTP 429 for URL: https://query1.finance.yahoo.com/v8/finance/chart/AIOT
2025-08-19 10:50:40,704 - WARNING - HTTP 429 for URL: https://query1.finance.yahoo.com/v8/finance/chart/AIRG
2025-08-19 10:50:40,704 - WARNING - HTTP 429 for URL: https://query1.finance.yahoo.com/v8/finance/chart/ALGS
2025-08-19 10:50:40,705 - WARNING - HTTP 429 for URL: https://query1.finance.yahoo.com/v8/finance/chart/ALDF
2025-08-19 10:50:40,705 - WARNING - HTTP 429 for URL: https://query1.finance.yahoo.com/v8/finance/chart/ALDFW
2025-08-19 10:50:40,708 - WARNING - HTTP 429 for URL: https://query1.finance.yahoo.com/v8/finance/chart/ALGM
2025-08-19 10:50:40,708 - WARNING - HTTP 429 for URL: https://query1.finance.yahoo.com/v8/finance/chart/AIRR
2025-08-19 10:50:40,709 - WARNING - HTTP 429 for URL: https://query1.finance.yahoo.com/v8/finance/chart/AIRO
2025-08-19 10:50:40,709 - WARNING - HTTP 429 for URL: https://query1.finance.yahoo.com/v8/finance/chart/AKAN
2025-08-19 10:50:40,709 - WARNING - HTTP 429 for URL: https://query1.finance.yahoo.com/v8/finance/chart/ALF
2025-08-19 10:50:40,709 - WARNING - HTTP 429 for URL: https://query1.finance.yahoo.com/v8/finance/chart/AIRT
2025-08-19 10:50:40,709 - WARNING - HTTP 429 for URL: https://query1.finance.yahoo.com/v8/finance/chart/ALIL
2025-08-19 10:50:40,710 - WARNING - HTTP 429 for URL: https://query1.finance.yahoo.com/v8/finance/chart/ALAR
2025-08-19 10:50:40,710 - WARNING - HTTP 429 for URL: https://query1.finance.yahoo.com/v8/finance/chart/ALEC
2025-08-19 10:50:40,710 - WARNING - HTTP 429 for URL: https://query1.finance.yahoo.com/v8/finance/chart/AKTX
2025-08-19 10:50:40,710 - WARNING - HTTP 429 for URL: https://query1.finance.yahoo.com/v8/finance/chart/AIRTP
2025-08-19 10:50:40,714 - WARNING - HTTP 429 for URL: https://query1.finance.yahoo.com/v8/finance/chart/ALCY
2025-08-19 10:50:40,714 - WARNING - HTTP 429 for URL: https://query1.finance.yahoo.com/v8/finance/chart/AIFU
2025-08-19 10:50:40,714 - WARNING - HTTP 429 for URL: https://query1.finance.yahoo.com/v8/finance/chart/AKAM
2025-08-19 10:50:40,721 - WARNING - HTTP 429 for URL: https://query1.finance.yahoo.com/v8/finance/chart/ALCO
2025-08-19 10:50:40,721 - WARNING - HTTP 429 for URL: https://query1.finance.yahoo.com/v8/finance/chart/ALHC
2025-08-19 10:50:40,722 - WARNING - HTTP 429 for URL: https://query1.finance.yahoo.com/v8/finance/chart/AIPI
2025-08-19 10:50:40,735 - WARNING - HTTP 429 for URL: https://query1.finance.yahoo.com/v8/finance/chart/ALFUW
2025-08-19 10:50:40,735 - WARNING - HTTP 429 for URL: https://query1.finance.yahoo.com/v8/finance/chart/AIRE
2025-08-19 10:50:40,735 - WARNING - HTTP 429 for URL: https://query1.finance.yahoo.com/v8/finance/chart/AIQ
2025-08-19 10:50:40,738 - WARNING - HTTP 429 for URL: https://query1.finance.yahoo.com/v8/finance/chart/ALKS
2025-08-19 10:50:40,738 - WARNING - HTTP 429 for URL: https://query1.finance.yahoo.com/v8/finance/chart/ALCYW
2025-08-19 10:50:40,743 - WARNING - HTTP 429 for URL: https://query1.finance.yahoo.com/v8/finance/chart/ALKT
2025-08-19 10:50:40,743 - WARNING - HTTP 429 for URL: https://query1.finance.yahoo.com/v8/finance/chart/ALFUU
2025-08-19 10:50:40,743 - WARNING - HTTP 429 for URL: https://query1.finance.yahoo.com/v8/finance/chart/ALCYU
2025-08-19 10:50:40,751 - WARNING - HTTP 429 for URL: https://query1.finance.yahoo.com/v8/finance/chart/AKBA
2025-08-19 10:50:40,752 - WARNING - HTTP 429 for URL: https://query1.finance.yahoo.com/v8/finance/chart/AKRO
2025-08-19 10:50:40,757 - WARNING - HTTP 429 for URL: https://query1.finance.yahoo.com/v8/finance/chart/ALDFU
2025-08-19 10:50:40,762 - WARNING - HTTP 429 for URL: https://query1.finance.yahoo.com/v8/finance/chart/ALBT
2025-08-19 10:50:40,762 - WARNING - HTTP 429 for URL: https://query1.finance.yahoo.com/v8/finance/chart/AIMDW
2025-08-19 10:50:40,770 - WARNING - HTTP 429 for URL: https://query1.finance.yahoo.com/v8/finance/chart/ALDX
2025-08-19 10:50:40,771 - WARNING - HTTP 429 for URL: https://query1.finance.yahoo.com/v8/finance/chart/AIXI
2025-08-19 10:50:40,772 - WARNING - HTTP 429 for URL: https://query1.finance.yahoo.com/v8/finance/chart/ALGT
2025-08-19 10:50:40,772 - WARNING - HTTP 429 for URL: https://query1.finance.yahoo.com/v8/finance/chart/ALAB
2025-08-19 10:50:40,783 - WARNING - HTTP 429 for URL: https://query1.finance.yahoo.com/v8/finance/chart/ALGN
2025-08-19 10:50:40,783 - WARNING - HTTP 429 for URL: https://query1.finance.yahoo.com/v8/finance/chart/AIRJ
2025-08-19 10:50:40,787 - WARNING - HTTP 429 for URL: https://query1.finance.yahoo.com/v8/finance/chart/AIRL
2025-08-19 10:50:40,789 - WARNING - HTTP 429 for URL: https://query1.finance.yahoo.com/v8/finance/chart/AIP
2025-08-19 10:50:40,858 - WARNING - HTTP 429 for URL: https://query1.finance.yahoo.com/v8/finance/chart/AIHS
2025-08-19 10:50:40,914 - WARNING - HTTP 429 for URL: https://query1.finance.yahoo.com/v8/finance/chart/AIPO
2025-08-19 10:50:41,031 - WARNING - HTTP 429 for URL: https://query1.finance.yahoo.com/v8/finance/chart/AIRJW
2025-08-19 10:50:41,266 - WARNING - HTTP 429 for URL: https://query1.finance.yahoo.com/v8/finance/chart/AIRS
2025-08-19 10:50:41,314 - WARNING - HTTP 429 for URL: https://query1.finance.yahoo.com/v8/finance/chart/AISP
2025-08-19 10:50:41,907 - WARNING - HTTP 429 for URL: https://query1.finance.yahoo.com/v8/finance/chart/AIMD
2025-08-19 10:50:42,008 - INFO - Processing batch 5/229: 50 tickers
